2012-09-24 20:34:32 Error: Fatal Error (1): Call to a member function find() on a non-object in [/home/neto/Sites/ecos-prueba/app/Controller/PostsController.php, line 50]
2012-09-24 20:34:32 Error: [FatalErrorException] Call to a member function find() on a non-object
#0 /home/neto/Sites/ecos-prueba/lib/Cake/Error/ErrorHandler.php(162): ErrorHandler::handleFatalError(1, 'Call to a membe...', '/home/neto/Site...', 50)
#1 [internal function]: ErrorHandler::handleError(1, 'Call to a membe...', '/home/neto/Site...', 50, Array)
#2 /home/neto/Sites/ecos-prueba/lib/Cake/Core/App.php(926): call_user_func('ErrorHandler::h...', 1, 'Call to a membe...', '/home/neto/Site...', 50, Array)
#3 /home/neto/Sites/ecos-prueba/lib/Cake/Core/App.php(899): App::_checkFatalError()
#4 [internal function]: App::shutdown()
#5 {main}
2012-09-24 20:35:57 Error: Fatal Error (1): Call to a member function find() on a non-object in [/home/neto/Sites/ecos-prueba/app/Controller/PostsController.php, line 50]
2012-09-24 20:35:57 Error: [FatalErrorException] Call to a member function find() on a non-object
#0 /home/neto/Sites/ecos-prueba/lib/Cake/Error/ErrorHandler.php(162): ErrorHandler::handleFatalError(1, 'Call to a membe...', '/home/neto/Site...', 50)
#1 [internal function]: ErrorHandler::handleError(1, 'Call to a membe...', '/home/neto/Site...', 50, Array)
#2 /home/neto/Sites/ecos-prueba/lib/Cake/Core/App.php(926): call_user_func('ErrorHandler::h...', 1, 'Call to a membe...', '/home/neto/Site...', 50, Array)
#3 /home/neto/Sites/ecos-prueba/lib/Cake/Core/App.php(899): App::_checkFatalError()
#4 [internal function]: App::shutdown()
#5 {main}
2012-09-24 20:35:58 Error: Fatal Error (1): Call to a member function find() on a non-object in [/home/neto/Sites/ecos-prueba/app/Controller/PostsController.php, line 50]
2012-09-24 20:35:58 Error: [FatalErrorException] Call to a member function find() on a non-object
#0 /home/neto/Sites/ecos-prueba/lib/Cake/Error/ErrorHandler.php(162): ErrorHandler::handleFatalError(1, 'Call to a membe...', '/home/neto/Site...', 50)
#1 [internal function]: ErrorHandler::handleError(1, 'Call to a membe...', '/home/neto/Site...', 50, Array)
#2 /home/neto/Sites/ecos-prueba/lib/Cake/Core/App.php(926): call_user_func('ErrorHandler::h...', 1, 'Call to a membe...', '/home/neto/Site...', 50, Array)
#3 /home/neto/Sites/ecos-prueba/lib/Cake/Core/App.php(899): App::_checkFatalError()
#4 [internal function]: App::shutdown()
#5 {main}
2012-09-24 20:35:59 Error: Fatal Error (1): Call to a member function find() on a non-object in [/home/neto/Sites/ecos-prueba/app/Controller/PostsController.php, line 50]
2012-09-24 20:35:59 Error: [FatalErrorException] Call to a member function find() on a non-object
#0 /home/neto/Sites/ecos-prueba/lib/Cake/Error/ErrorHandler.php(162): ErrorHandler::handleFatalError(1, 'Call to a membe...', '/home/neto/Site...', 50)
#1 [internal function]: ErrorHandler::handleError(1, 'Call to a membe...', '/home/neto/Site...', 50, Array)
#2 /home/neto/Sites/ecos-prueba/lib/Cake/Core/App.php(926): call_user_func('ErrorHandler::h...', 1, 'Call to a membe...', '/home/neto/Site...', 50, Array)
#3 /home/neto/Sites/ecos-prueba/lib/Cake/Core/App.php(899): App::_checkFatalError()
#4 [internal function]: App::shutdown()
#5 {main}
2012-09-24 20:36:00 Error: Fatal Error (1): Call to a member function find() on a non-object in [/home/neto/Sites/ecos-prueba/app/Controller/PostsController.php, line 50]
2012-09-24 20:36:00 Error: [FatalErrorException] Call to a member function find() on a non-object
#0 /home/neto/Sites/ecos-prueba/lib/Cake/Error/ErrorHandler.php(162): ErrorHandler::handleFatalError(1, 'Call to a membe...', '/home/neto/Site...', 50)
#1 [internal function]: ErrorHandler::handleError(1, 'Call to a membe...', '/home/neto/Site...', 50, Array)
#2 /home/neto/Sites/ecos-prueba/lib/Cake/Core/App.php(926): call_user_func('ErrorHandler::h...', 1, 'Call to a membe...', '/home/neto/Site...', 50, Array)
#3 /home/neto/Sites/ecos-prueba/lib/Cake/Core/App.php(899): App::_checkFatalError()
#4 [internal function]: App::shutdown()
#5 {main}
2012-09-24 20:36:00 Error: Fatal Error (1): Call to a member function find() on a non-object in [/home/neto/Sites/ecos-prueba/app/Controller/PostsController.php, line 50]
2012-09-24 20:36:00 Error: [FatalErrorException] Call to a member function find() on a non-object
#0 /home/neto/Sites/ecos-prueba/lib/Cake/Error/ErrorHandler.php(162): ErrorHandler::handleFatalError(1, 'Call to a membe...', '/home/neto/Site...', 50)
#1 [internal function]: ErrorHandler::handleError(1, 'Call to a membe...', '/home/neto/Site...', 50, Array)
#2 /home/neto/Sites/ecos-prueba/lib/Cake/Core/App.php(926): call_user_func('ErrorHandler::h...', 1, 'Call to a membe...', '/home/neto/Site...', 50, Array)
#3 /home/neto/Sites/ecos-prueba/lib/Cake/Core/App.php(899): App::_checkFatalError()
#4 [internal function]: App::shutdown()
#5 {main}
2012-09-24 20:36:01 Error: Fatal Error (1): Call to a member function find() on a non-object in [/home/neto/Sites/ecos-prueba/app/Controller/PostsController.php, line 50]
2012-09-24 20:36:01 Error: [FatalErrorException] Call to a member function find() on a non-object
#0 /home/neto/Sites/ecos-prueba/lib/Cake/Error/ErrorHandler.php(162): ErrorHandler::handleFatalError(1, 'Call to a membe...', '/home/neto/Site...', 50)
#1 [internal function]: ErrorHandler::handleError(1, 'Call to a membe...', '/home/neto/Site...', 50, Array)
#2 /home/neto/Sites/ecos-prueba/lib/Cake/Core/App.php(926): call_user_func('ErrorHandler::h...', 1, 'Call to a membe...', '/home/neto/Site...', 50, Array)
#3 /home/neto/Sites/ecos-prueba/lib/Cake/Core/App.php(899): App::_checkFatalError()
#4 [internal function]: App::shutdown()
#5 {main}
2012-09-24 20:36:01 Error: Fatal Error (1): Call to a member function find() on a non-object in [/home/neto/Sites/ecos-prueba/app/Controller/PostsController.php, line 50]
2012-09-24 20:36:01 Error: [FatalErrorException] Call to a member function find() on a non-object
#0 /home/neto/Sites/ecos-prueba/lib/Cake/Error/ErrorHandler.php(162): ErrorHandler::handleFatalError(1, 'Call to a membe...', '/home/neto/Site...', 50)
#1 [internal function]: ErrorHandler::handleError(1, 'Call to a membe...', '/home/neto/Site...', 50, Array)
#2 /home/neto/Sites/ecos-prueba/lib/Cake/Core/App.php(926): call_user_func('ErrorHandler::h...', 1, 'Call to a membe...', '/home/neto/Site...', 50, Array)
#3 /home/neto/Sites/ecos-prueba/lib/Cake/Core/App.php(899): App::_checkFatalError()
#4 [internal function]: App::shutdown()
#5 {main}
2012-09-24 20:36:01 Error: Fatal Error (1): Call to a member function find() on a non-object in [/home/neto/Sites/ecos-prueba/app/Controller/PostsController.php, line 50]
2012-09-24 20:36:01 Error: [FatalErrorException] Call to a member function find() on a non-object
#0 /home/neto/Sites/ecos-prueba/lib/Cake/Error/ErrorHandler.php(162): ErrorHandler::handleFatalError(1, 'Call to a membe...', '/home/neto/Site...', 50)
#1 [internal function]: ErrorHandler::handleError(1, 'Call to a membe...', '/home/neto/Site...', 50, Array)
#2 /home/neto/Sites/ecos-prueba/lib/Cake/Core/App.php(926): call_user_func('ErrorHandler::h...', 1, 'Call to a membe...', '/home/neto/Site...', 50, Array)
#3 /home/neto/Sites/ecos-prueba/lib/Cake/Core/App.php(899): App::_checkFatalError()
#4 [internal function]: App::shutdown()
#5 {main}
2012-09-24 20:36:01 Error: Fatal Error (1): Call to a member function find() on a non-object in [/home/neto/Sites/ecos-prueba/app/Controller/PostsController.php, line 50]
2012-09-24 20:36:01 Error: [FatalErrorException] Call to a member function find() on a non-object
#0 /home/neto/Sites/ecos-prueba/lib/Cake/Error/ErrorHandler.php(162): ErrorHandler::handleFatalError(1, 'Call to a membe...', '/home/neto/Site...', 50)
#1 [internal function]: ErrorHandler::handleError(1, 'Call to a membe...', '/home/neto/Site...', 50, Array)
#2 /home/neto/Sites/ecos-prueba/lib/Cake/Core/App.php(926): call_user_func('ErrorHandler::h...', 1, 'Call to a membe...', '/home/neto/Site...', 50, Array)
#3 /home/neto/Sites/ecos-prueba/lib/Cake/Core/App.php(899): App::_checkFatalError()
#4 [internal function]: App::shutdown()
#5 {main}
2012-09-24 20:36:13 Error: Fatal Error (1): Call to a member function find() on a non-object in [/home/neto/Sites/ecos-prueba/app/Controller/PostsController.php, line 50]
2012-09-24 20:36:13 Error: [FatalErrorException] Call to a member function find() on a non-object
#0 /home/neto/Sites/ecos-prueba/lib/Cake/Error/ErrorHandler.php(162): ErrorHandler::handleFatalError(1, 'Call to a membe...', '/home/neto/Site...', 50)
#1 [internal function]: ErrorHandler::handleError(1, 'Call to a membe...', '/home/neto/Site...', 50, Array)
#2 /home/neto/Sites/ecos-prueba/lib/Cake/Core/App.php(926): call_user_func('ErrorHandler::h...', 1, 'Call to a membe...', '/home/neto/Site...', 50, Array)
#3 /home/neto/Sites/ecos-prueba/lib/Cake/Core/App.php(899): App::_checkFatalError()
#4 [internal function]: App::shutdown()
#5 {main}
2012-09-24 20:36:14 Error: Fatal Error (1): Call to a member function find() on a non-object in [/home/neto/Sites/ecos-prueba/app/Controller/PostsController.php, line 50]
2012-09-24 20:36:14 Error: [FatalErrorException] Call to a member function find() on a non-object
#0 /home/neto/Sites/ecos-prueba/lib/Cake/Error/ErrorHandler.php(162): ErrorHandler::handleFatalError(1, 'Call to a membe...', '/home/neto/Site...', 50)
#1 [internal function]: ErrorHandler::handleError(1, 'Call to a membe...', '/home/neto/Site...', 50, Array)
#2 /home/neto/Sites/ecos-prueba/lib/Cake/Core/App.php(926): call_user_func('ErrorHandler::h...', 1, 'Call to a membe...', '/home/neto/Site...', 50, Array)
#3 /home/neto/Sites/ecos-prueba/lib/Cake/Core/App.php(899): App::_checkFatalError()
#4 [internal function]: App::shutdown()
#5 {main}
2012-10-01 16:35:52 Error: Fatal Error (4): syntax error, unexpected ';' in [/home/alan/sites/ecos/app/View/Users/index.ctp, line 6]
2012-10-01 16:35:52 Error: [FatalErrorException] syntax error, unexpected ';'
#0 /home/alan/sites/ecos/lib/Cake/Error/ErrorHandler.php(162): ErrorHandler::handleFatalError(4, 'syntax error, u...', '/home/alan/site...', 6)
#1 [internal function]: ErrorHandler::handleError(4, 'syntax error, u...', '/home/alan/site...', 6, Array)
#2 /home/alan/sites/ecos/lib/Cake/Core/App.php(926): call_user_func('ErrorHandler::h...', 4, 'syntax error, u...', '/home/alan/site...', 6, Array)
#3 /home/alan/sites/ecos/lib/Cake/Core/App.php(899): App::_checkFatalError()
#4 [internal function]: App::shutdown()
#5 {main}
2012-10-01 16:43:51 Error: Fatal Error (4): syntax error, unexpected ',', expecting ']' in [/home/alan/sites/ecos/app/View/Users/index.ctp, line 17]
2012-10-01 16:43:51 Error: [FatalErrorException] syntax error, unexpected ',', expecting ']'
#0 /home/alan/sites/ecos/lib/Cake/Error/ErrorHandler.php(162): ErrorHandler::handleFatalError(4, 'syntax error, u...', '/home/alan/site...', 17)
#1 [internal function]: ErrorHandler::handleError(4, 'syntax error, u...', '/home/alan/site...', 17, Array)
#2 /home/alan/sites/ecos/lib/Cake/Core/App.php(926): call_user_func('ErrorHandler::h...', 4, 'syntax error, u...', '/home/alan/site...', 17, Array)
#3 /home/alan/sites/ecos/lib/Cake/Core/App.php(899): App::_checkFatalError()
#4 [internal function]: App::shutdown()
#5 {main}
2012-10-01 16:45:43 Error: Fatal Error (4): syntax error, unexpected ',', expecting ']' in [/home/alan/sites/ecos/app/View/Users/index.ctp, line 17]
2012-10-01 16:45:43 Error: [FatalErrorException] syntax error, unexpected ',', expecting ']'
#0 /home/alan/sites/ecos/lib/Cake/Error/ErrorHandler.php(162): ErrorHandler::handleFatalError(4, 'syntax error, u...', '/home/alan/site...', 17)
#1 [internal function]: ErrorHandler::handleError(4, 'syntax error, u...', '/home/alan/site...', 17, Array)
#2 /home/alan/sites/ecos/lib/Cake/Core/App.php(926): call_user_func('ErrorHandler::h...', 4, 'syntax error, u...', '/home/alan/site...', 17, Array)
#3 /home/alan/sites/ecos/lib/Cake/Core/App.php(899): App::_checkFatalError()
#4 [internal function]: App::shutdown()
#5 {main}
2012-10-01 17:02:17 Error: Fatal Error (4): syntax error, unexpected T_ECHO, expecting ',' or ';' in [/home/alan/sites/ecos/app/View/Users/add.ctp, line 9]
2012-10-01 17:02:17 Error: [FatalErrorException] syntax error, unexpected T_ECHO, expecting ',' or ';'
#0 /home/alan/sites/ecos/lib/Cake/Error/ErrorHandler.php(162): ErrorHandler::handleFatalError(4, 'syntax error, u...', '/home/alan/site...', 9)
#1 [internal function]: ErrorHandler::handleError(4, 'syntax error, u...', '/home/alan/site...', 9, Array)
#2 /home/alan/sites/ecos/lib/Cake/Core/App.php(926): call_user_func('ErrorHandler::h...', 4, 'syntax error, u...', '/home/alan/site...', 9, Array)
#3 /home/alan/sites/ecos/lib/Cake/Core/App.php(899): App::_checkFatalError()
#4 [internal function]: App::shutdown()
#5 {main}
2012-10-01 18:05:13 Error: [MissingControllerException] Controller class IndexController could not be found.
#0 /home/alan/sites/ecos/app/webroot/index.php(92): Dispatcher->dispatch(Object(CakeRequest), Object(CakeResponse))
#1 {main}
2012-10-01 18:23:16 Error: Fatal Error (4): syntax error, unexpected T_CONSTANT_ENCAPSED_STRING in [/home/alan/sites/ecos/app/View/Users/edit.ctp, line 9]
2012-10-01 18:23:16 Error: [FatalErrorException] syntax error, unexpected T_CONSTANT_ENCAPSED_STRING
#0 /home/alan/sites/ecos/lib/Cake/Error/ErrorHandler.php(162): ErrorHandler::handleFatalError(4, 'syntax error, u...', '/home/alan/site...', 9)
#1 [internal function]: ErrorHandler::handleError(4, 'syntax error, u...', '/home/alan/site...', 9, Array)
#2 /home/alan/sites/ecos/lib/Cake/Core/App.php(926): call_user_func('ErrorHandler::h...', 4, 'syntax error, u...', '/home/alan/site...', 9, Array)
#3 /home/alan/sites/ecos/lib/Cake/Core/App.php(899): App::_checkFatalError()
#4 [internal function]: App::shutdown()
#5 {main}
2012-10-01 18:24:20 Error: [PDOException] SQLSTATE[23000]: Integrity constraint violation: 1451 Cannot delete or update a parent row: a foreign key constraint fails (`ecos`.`posts`, CONSTRAINT `fk_posts_1` FOREIGN KEY (`user_id`) REFERENCES `users` (`id`) ON DELETE NO ACTION ON UPDATE NO ACTION)
#0 /home/alan/sites/ecos/lib/Cake/Model/Datasource/DboSource.php(459): PDOStatement->execute(Array)
#1 /home/alan/sites/ecos/lib/Cake/Model/Datasource/DboSource.php(425): DboSource->_execute('DELETE `User` F...', Array)
#2 /home/alan/sites/ecos/lib/Cake/Model/Datasource/Database/Mysql.php(400): DboSource->execute('DELETE `User` F...')
#3 /home/alan/sites/ecos/lib/Cake/Model/Model.php(2382): Mysql->delete(Object(User), Array)
#4 /home/alan/sites/ecos/app/Controller/UsersController.php(92): Model->delete()
#5 [internal function]: UsersController->delete('1')
#6 /home/alan/sites/ecos/lib/Cake/Controller/Controller.php(485): ReflectionMethod->invokeArgs(Object(UsersController), Array)
#7 /home/alan/sites/ecos/lib/Cake/Routing/Dispatcher.php(186): Controller->invokeAction(Object(CakeRequest))
#8 /home/alan/sites/ecos/lib/Cake/Routing/Dispatcher.php(161): Dispatcher->_invoke(Object(UsersController), Object(CakeRequest), Object(CakeResponse))
#9 /home/alan/sites/ecos/app/webroot/index.php(92): Dispatcher->dispatch(Object(CakeRequest), Object(CakeResponse))
#10 {main}
2012-10-01 18:30:44 Error: Fatal Error (4): syntax error, unexpected T_STRING in [/home/alan/sites/ecos/app/View/Categorias/index.ctp, line 37]
2012-10-01 18:30:44 Error: [FatalErrorException] syntax error, unexpected T_STRING
#0 /home/alan/sites/ecos/lib/Cake/Error/ErrorHandler.php(162): ErrorHandler::handleFatalError(4, 'syntax error, u...', '/home/alan/site...', 37)
#1 [internal function]: ErrorHandler::handleError(4, 'syntax error, u...', '/home/alan/site...', 37, Array)
#2 /home/alan/sites/ecos/lib/Cake/Core/App.php(926): call_user_func('ErrorHandler::h...', 4, 'syntax error, u...', '/home/alan/site...', 37, Array)
#3 /home/alan/sites/ecos/lib/Cake/Core/App.php(899): App::_checkFatalError()
#4 [internal function]: App::shutdown()
#5 {main}
2012-10-01 18:31:27 Error: Fatal Error (4): syntax error, unexpected T_STRING in [/home/alan/sites/ecos/app/View/Categorias/index.ctp, line 37]
2012-10-01 18:31:27 Error: [FatalErrorException] syntax error, unexpected T_STRING
#0 /home/alan/sites/ecos/lib/Cake/Error/ErrorHandler.php(162): ErrorHandler::handleFatalError(4, 'syntax error, u...', '/home/alan/site...', 37)
#1 [internal function]: ErrorHandler::handleError(4, 'syntax error, u...', '/home/alan/site...', 37, Array)
#2 /home/alan/sites/ecos/lib/Cake/Core/App.php(926): call_user_func('ErrorHandler::h...', 4, 'syntax error, u...', '/home/alan/site...', 37, Array)
#3 /home/alan/sites/ecos/lib/Cake/Core/App.php(899): App::_checkFatalError()
#4 [internal function]: App::shutdown()
#5 {main}
2012-10-01 18:38:54 Error: Fatal Error (4): syntax error, unexpected ')', expecting ',' or ';' in [/home/alan/sites/ecos/app/View/Categorias/edit.ctp, line 8]
2012-10-01 18:38:54 Error: [FatalErrorException] syntax error, unexpected ')', expecting ',' or ';'
#0 /home/alan/sites/ecos/lib/Cake/Error/ErrorHandler.php(162): ErrorHandler::handleFatalError(4, 'syntax error, u...', '/home/alan/site...', 8)
#1 [internal function]: ErrorHandler::handleError(4, 'syntax error, u...', '/home/alan/site...', 8, Array)
#2 /home/alan/sites/ecos/lib/Cake/Core/App.php(926): call_user_func('ErrorHandler::h...', 4, 'syntax error, u...', '/home/alan/site...', 8, Array)
#3 /home/alan/sites/ecos/lib/Cake/Core/App.php(899): App::_checkFatalError()
#4 [internal function]: App::shutdown()
#5 {main}
2012-10-01 19:21:58 Error: [MissingControllerException] Controller class ConuntionsController could not be found.
#0 /home/alan/sites/ecos/app/webroot/index.php(92): Dispatcher->dispatch(Object(CakeRequest), Object(CakeResponse))
#1 {main}
2012-10-01 19:22:03 Error: [MissingControllerException] Controller class ConuncionsController could not be found.
#0 /home/alan/sites/ecos/app/webroot/index.php(92): Dispatcher->dispatch(Object(CakeRequest), Object(CakeResponse))
#1 {main}
2012-10-01 19:42:56 Error: Fatal Error (4): syntax error, unexpected T_ENDIF in [/home/alan/sites/ecos/app/View/Conjuntions/view.ctp, line 40]
2012-10-01 19:42:56 Error: [FatalErrorException] syntax error, unexpected T_ENDIF
#0 /home/alan/sites/ecos/lib/Cake/Error/ErrorHandler.php(162): ErrorHandler::handleFatalError(4, 'syntax error, u...', '/home/alan/site...', 40)
#1 [internal function]: ErrorHandler::handleError(4, 'syntax error, u...', '/home/alan/site...', 40, Array)
#2 /home/alan/sites/ecos/lib/Cake/Core/App.php(926): call_user_func('ErrorHandler::h...', 4, 'syntax error, u...', '/home/alan/site...', 40, Array)
#3 /home/alan/sites/ecos/lib/Cake/Core/App.php(899): App::_checkFatalError()
#4 [internal function]: App::shutdown()
#5 {main}
2012-10-01 19:43:09 Error: Fatal Error (4): syntax error, unexpected T_ENDIF in [/home/alan/sites/ecos/app/View/Conjuntions/view.ctp, line 41]
2012-10-01 19:43:09 Error: [FatalErrorException] syntax error, unexpected T_ENDIF
#0 /home/alan/sites/ecos/lib/Cake/Error/ErrorHandler.php(162): ErrorHandler::handleFatalError(4, 'syntax error, u...', '/home/alan/site...', 41)
#1 [internal function]: ErrorHandler::handleError(4, 'syntax error, u...', '/home/alan/site...', 41, Array)
#2 /home/alan/sites/ecos/lib/Cake/Core/App.php(926): call_user_func('ErrorHandler::h...', 4, 'syntax error, u...', '/home/alan/site...', 41, Array)
#3 /home/alan/sites/ecos/lib/Cake/Core/App.php(899): App::_checkFatalError()
#4 [internal function]: App::shutdown()
#5 {main}
2012-10-01 19:44:06 Error: Fatal Error (4): syntax error, unexpected T_ENDIF in [/home/alan/sites/ecos/app/View/Conjuntions/view.ctp, line 42]
2012-10-01 19:44:06 Error: [FatalErrorException] syntax error, unexpected T_ENDIF
#0 /home/alan/sites/ecos/lib/Cake/Error/ErrorHandler.php(162): ErrorHandler::handleFatalError(4, 'syntax error, u...', '/home/alan/site...', 42)
#1 [internal function]: ErrorHandler::handleError(4, 'syntax error, u...', '/home/alan/site...', 42, Array)
#2 /home/alan/sites/ecos/lib/Cake/Core/App.php(926): call_user_func('ErrorHandler::h...', 4, 'syntax error, u...', '/home/alan/site...', 42, Array)
#3 /home/alan/sites/ecos/lib/Cake/Core/App.php(899): App::_checkFatalError()
#4 [internal function]: App::shutdown()
#5 {main}
2012-10-01 20:24:13 Error: Fatal Error (4): syntax error, unexpected ';' in [/home/alan/sites/ecos/app/View/Conjuntions/edit.ctp, line 10]
2012-10-01 20:24:13 Error: [FatalErrorException] syntax error, unexpected ';'
#0 /home/alan/sites/ecos/lib/Cake/Error/ErrorHandler.php(162): ErrorHandler::handleFatalError(4, 'syntax error, u...', '/home/alan/site...', 10)
#1 [internal function]: ErrorHandler::handleError(4, 'syntax error, u...', '/home/alan/site...', 10, Array)
#2 /home/alan/sites/ecos/lib/Cake/Core/App.php(926): call_user_func('ErrorHandler::h...', 4, 'syntax error, u...', '/home/alan/site...', 10, Array)
#3 /home/alan/sites/ecos/lib/Cake/Core/App.php(899): App::_checkFatalError()
#4 [internal function]: App::shutdown()
#5 {main}
